2026-06-25 11:35:05 [INFO] ======================================================================
2026-06-25 11:35:05 [INFO] 🚀 Iniciando Pipeline: Maximo Identity Sanity & MAS 9
2026-06-25 11:35:05 [INFO] ======================================================================
2026-06-25 11:35:05 [INFO] 📁 Arquivo de log gerado em: C:\Users\esilva\OneDrive - FORESEA\Documentos\04 - APPS\CHECKUSER\output\logs\pipeline_exec_20260625_113505.log
2026-06-25 11:35:05 [INFO] ⏩ Pulando: 1. Extraindo Dados do DB2 (run_db2cli_queries.py) (--skip-extract passado)
2026-06-25 11:35:05 [INFO] 
----------------------------------------------------------------------
2026-06-25 11:35:05 [INFO] ⏳ Executando: 2. Consolidando Textos Brutos (consolidate_outputs.py)
2026-06-25 11:35:05 [INFO] ----------------------------------------------------------------------
2026-06-25 11:35:09 [INFO]    [STDOUT] PARSED BASE_email.txt: 2542 rows
2026-06-25 11:35:09 [INFO]    [STDOUT] PARSED BASE_groupuser.txt: 5015 rows
2026-06-25 11:35:09 [INFO]    [STDOUT] PARSED BASE_logintracking.txt: 153631 rows
2026-06-25 11:35:09 [INFO]    [STDOUT] PARSED BASE_maslicusage.txt: 0 rows
2026-06-25 11:35:09 [INFO]    [STDOUT] PARSED BASE_maxgroup.txt: 81 rows
2026-06-25 11:35:09 [INFO]    [STDOUT] PARSED BASE_maxlicappaccess.txt: 468 rows
2026-06-25 11:35:09 [INFO]    [STDOUT] PARSED BASE_maxlicapps.txt: 1182 rows
2026-06-25 11:35:09 [INFO]    [STDOUT] PARSED BASE_maxlicusage.txt: 2790 rows
2026-06-25 11:35:09 [INFO]    [STDOUT] PARSED BASE_maxlicuserasc.txt: 0 rows
2026-06-25 11:35:09 [INFO]    [STDOUT] PARSED BASE_maxrelationship.txt: 9056 rows
2026-06-25 11:35:09 [INFO]    [STDOUT] PARSED BASE_maxuser.txt: 1123 rows
2026-06-25 11:35:09 [INFO]    [STDOUT] PARSED BASE_person.txt: 1325 rows
2026-06-25 11:35:09 [INFO]    [STDOUT] PARSED BASE_persongroup.txt: 0 rows
2026-06-25 11:35:09 [INFO]    [STDOUT] PARSED BASE_persongroupteam.txt: 3803 rows
2026-06-25 11:35:09 [INFO]    [STDOUT] PARSED BASE_persongroupview.txt: 1845 rows
2026-06-25 11:35:09 [INFO]    [STDOUT] PARSED HTQ_email.txt: 2478 rows
2026-06-25 11:35:09 [INFO]    [STDOUT] PARSED HTQ_groupuser.txt: 5117 rows
2026-06-25 11:35:09 [INFO]    [STDOUT] PARSED HTQ_logintracking.txt: 24403 rows
2026-06-25 11:35:09 [INFO]    [STDOUT] PARSED HTQ_maslicusage.txt: 0 rows
2026-06-25 11:35:09 [INFO]    [STDOUT] PARSED HTQ_maxgroup.txt: 79 rows
2026-06-25 11:35:09 [INFO]    [STDOUT] PARSED HTQ_maxlicappaccess.txt: 468 rows
2026-06-25 11:35:09 [INFO]    [STDOUT] PARSED HTQ_maxlicapps.txt: 732 rows
2026-06-25 11:35:09 [INFO]    [STDOUT] PARSED HTQ_maxlicusage.txt: 2657 rows
2026-06-25 11:35:09 [INFO]    [STDOUT] PARSED HTQ_maxlicuserasc.txt: 0 rows
2026-06-25 11:35:09 [INFO]    [STDOUT] PARSED HTQ_maxrelationship.txt: 9047 rows
2026-06-25 11:35:09 [INFO]    [STDOUT] PARSED HTQ_maxuser.txt: 977 rows
2026-06-25 11:35:09 [INFO]    [STDOUT] PARSED HTQ_person.txt: 1119 rows
2026-06-25 11:35:09 [INFO]    [STDOUT] PARSED HTQ_persongroup.txt: 157 rows
2026-06-25 11:35:09 [INFO]    [STDOUT] PARSED HTQ_persongroupteam.txt: 3805 rows
2026-06-25 11:35:09 [INFO]    [STDOUT] PARSED HTQ_persongroupview.txt: 3 rows
2026-06-25 11:35:09 [INFO]    [STDOUT] PARSED N06_email.txt: 2514 rows
2026-06-25 11:35:09 [INFO]    [STDOUT] PARSED N06_groupuser.txt: 7655 rows
2026-06-25 11:35:09 [INFO]    [STDOUT] PARSED N06_logintracking.txt: 83212 rows
2026-06-25 11:35:09 [INFO]    [STDOUT] PARSED N06_maslicusage.txt: 0 rows
2026-06-25 11:35:09 [INFO]    [STDOUT] PARSED N06_maxgroup.txt: 76 rows
2026-06-25 11:35:09 [INFO]    [STDOUT] PARSED N06_maxlicappaccess.txt: 468 rows
2026-06-25 11:35:09 [INFO]    [STDOUT] PARSED N06_maxlicapps.txt: 732 rows
2026-06-25 11:35:09 [INFO]    [STDOUT] PARSED N06_maxlicusage.txt: 3027 rows
2026-06-25 11:35:09 [INFO]    [STDOUT] PARSED N06_maxlicuserasc.txt: 0 rows
2026-06-25 11:35:09 [INFO]    [STDOUT] PARSED N06_maxrelationship.txt: 9042 rows
2026-06-25 11:35:09 [INFO]    [STDOUT] PARSED N06_maxuser.txt: 1618 rows
2026-06-25 11:35:09 [INFO]    [STDOUT] PARSED N06_person.txt: 1006 rows
2026-06-25 11:35:09 [INFO]    [STDOUT] PARSED N06_persongroup.txt: 157 rows
2026-06-25 11:35:09 [INFO]    [STDOUT] PARSED N06_persongroupteam.txt: 3803 rows
2026-06-25 11:35:09 [INFO]    [STDOUT] PARSED N06_persongroupview.txt: 1439 rows
2026-06-25 11:35:09 [INFO]    [STDOUT] PARSED N08_email.txt: 2485 rows
2026-06-25 11:35:09 [INFO]    [STDOUT] PARSED N08_groupuser.txt: 9666 rows
2026-06-25 11:35:09 [INFO]    [STDOUT] PARSED N08_logintracking.txt: 12063 rows
2026-06-25 11:35:09 [INFO]    [STDOUT] PARSED N08_maslicusage.txt: 0 rows
2026-06-25 11:35:09 [INFO]    [STDOUT] PARSED N08_maxgroup.txt: 76 rows
2026-06-25 11:35:09 [INFO]    [STDOUT] PARSED N08_maxlicappaccess.txt: 468 rows
2026-06-25 11:35:09 [INFO]    [STDOUT] PARSED N08_maxlicapps.txt: 732 rows
2026-06-25 11:35:09 [INFO]    [STDOUT] PARSED N08_maxlicusage.txt: 3641 rows
2026-06-25 11:35:09 [INFO]    [STDOUT] PARSED N08_maxlicuserasc.txt: 0 rows
2026-06-25 11:35:09 [INFO]    [STDOUT] PARSED N08_maxrelationship.txt: 9050 rows
2026-06-25 11:35:09 [INFO]    [STDOUT] PARSED N08_maxuser.txt: 2078 rows
2026-06-25 11:35:09 [INFO]    [STDOUT] PARSED N08_person.txt: 6878 rows
2026-06-25 11:35:09 [INFO]    [STDOUT] PARSED N08_persongroup.txt: 157 rows
2026-06-25 11:35:09 [INFO]    [STDOUT] PARSED N08_persongroupteam.txt: 3800 rows
2026-06-25 11:35:09 [INFO]    [STDOUT] PARSED N08_persongroupview.txt: 2275 rows
2026-06-25 11:35:09 [INFO]    [STDOUT] PARSED N09_email.txt: 2500 rows
2026-06-25 11:35:09 [INFO]    [STDOUT] PARSED N09_groupuser.txt: 9545 rows
2026-06-25 11:35:09 [INFO]    [STDOUT] PARSED N09_logintracking.txt: 0 rows
2026-06-25 11:35:09 [INFO]    [STDOUT] PARSED N09_maslicusage.txt: 0 rows
2026-06-25 11:35:09 [INFO]    [STDOUT] PARSED N09_maxgroup.txt: 76 rows
2026-06-25 11:35:09 [INFO]    [STDOUT] PARSED N09_maxlicappaccess.txt: 468 rows
2026-06-25 11:35:09 [INFO]    [STDOUT] PARSED N09_maxlicapps.txt: 732 rows
2026-06-25 11:35:09 [INFO]    [STDOUT] PARSED N09_maxlicusage.txt: 3544 rows
2026-06-25 11:35:09 [INFO]    [STDOUT] PARSED N09_maxlicuserasc.txt: 0 rows
2026-06-25 11:35:09 [INFO]    [STDOUT] PARSED N09_maxrelationship.txt: 9060 rows
2026-06-25 11:35:09 [INFO]    [STDOUT] PARSED N09_maxuser.txt: 2015 rows
2026-06-25 11:35:09 [INFO]    [STDOUT] PARSED N09_person.txt: 2972 rows
2026-06-25 11:35:09 [INFO]    [STDOUT] PARSED N09_persongroup.txt: 157 rows
2026-06-25 11:35:09 [INFO]    [STDOUT] PARSED N09_persongroupteam.txt: 3803 rows
2026-06-25 11:35:09 [INFO]    [STDOUT] PARSED N09_persongroupview.txt: 3 rows
2026-06-25 11:35:09 [INFO]    [STDOUT] PARSED ODN1_email.txt: 2504 rows
2026-06-25 11:35:09 [INFO]    [STDOUT] PARSED ODN1_groupuser.txt: 8618 rows
2026-06-25 11:35:09 [INFO]    [STDOUT] PARSED ODN1_logintracking.txt: 43569 rows
2026-06-25 11:35:09 [INFO]    [STDOUT] PARSED ODN1_maslicusage.txt: 0 rows
2026-06-25 11:35:09 [INFO]    [STDOUT] PARSED ODN1_maxgroup.txt: 76 rows
2026-06-25 11:35:09 [INFO]    [STDOUT] PARSED ODN1_maxlicappaccess.txt: 468 rows
2026-06-25 11:35:09 [INFO]    [STDOUT] PARSED ODN1_maxlicapps.txt: 732 rows
2026-06-25 11:35:09 [INFO]    [STDOUT] PARSED ODN1_maxlicusage.txt: 3496 rows
2026-06-25 11:35:09 [INFO]    [STDOUT] PARSED ODN1_maxlicuserasc.txt: 0 rows
2026-06-25 11:35:09 [INFO]    [STDOUT] PARSED ODN1_maxrelationship.txt: 9051 rows
2026-06-25 11:35:09 [INFO]    [STDOUT] PARSED ODN1_maxuser.txt: 1812 rows
2026-06-25 11:35:09 [INFO]    [STDOUT] PARSED ODN1_person.txt: 979 rows
2026-06-25 11:35:09 [INFO]    [STDOUT] PARSED ODN1_persongroup.txt: 156 rows
2026-06-25 11:35:09 [INFO]    [STDOUT] PARSED ODN1_persongroupteam.txt: 3803 rows
2026-06-25 11:35:09 [INFO]    [STDOUT] PARSED ODN1_persongroupview.txt: 1378 rows
2026-06-25 11:35:09 [INFO]    [STDOUT] PARSED ODN2_email.txt: 2492 rows
2026-06-25 11:35:09 [INFO]    [STDOUT] PARSED ODN2_groupuser.txt: 8220 rows
2026-06-25 11:35:09 [INFO]    [STDOUT] PARSED ODN2_logintracking.txt: 39827 rows
2026-06-25 11:35:09 [INFO]    [STDOUT] PARSED ODN2_maslicusage.txt: 0 rows
2026-06-25 11:35:09 [INFO]    [STDOUT] PARSED ODN2_maxgroup.txt: 76 rows
2026-06-25 11:35:09 [INFO]    [STDOUT] PARSED ODN2_maxlicappaccess.txt: 468 rows
2026-06-25 11:35:09 [INFO]    [STDOUT] PARSED ODN2_maxlicapps.txt: 732 rows
2026-06-25 11:35:09 [INFO]    [STDOUT] PARSED ODN2_maxlicusage.txt: 2819 rows
2026-06-25 11:35:09 [INFO]    [STDOUT] PARSED ODN2_maxlicuserasc.txt: 0 rows
2026-06-25 11:35:09 [INFO]    [STDOUT] PARSED ODN2_maxrelationship.txt: 9045 rows
2026-06-25 11:35:09 [INFO]    [STDOUT] PARSED ODN2_maxuser.txt: 1702 rows
2026-06-25 11:35:09 [INFO]    [STDOUT] PARSED ODN2_person.txt: 1143 rows
2026-06-25 11:35:09 [INFO]    [STDOUT] PARSED ODN2_persongroup.txt: 157 rows
2026-06-25 11:35:09 [INFO]    [STDOUT] PARSED ODN2_persongroupteam.txt: 3803 rows
2026-06-25 11:35:09 [INFO]    [STDOUT] PARSED ODN2_persongroupview.txt: 1702 rows
2026-06-25 11:35:09 [INFO]    [STDOUT] WROTE consolidated_email.csv: 17515 rows
2026-06-25 11:35:09 [INFO]    [STDOUT] WROTE consolidated_groupuser.csv: 53836 rows
2026-06-25 11:35:09 [INFO]    [STDOUT] WROTE consolidated_logintracking.csv: 356705 rows
2026-06-25 11:35:09 [INFO]    [STDOUT] WROTE consolidated_maslicusage.csv: 0 rows
2026-06-25 11:35:09 [INFO]    [STDOUT] WROTE consolidated_maxgroup.csv: 540 rows
2026-06-25 11:35:09 [INFO]    [STDOUT] WROTE consolidated_maxlicappaccess.csv: 3276 rows
2026-06-25 11:35:09 [INFO]    [STDOUT] WROTE consolidated_maxlicapps.csv: 5574 rows
2026-06-25 11:35:09 [INFO]    [STDOUT] WROTE consolidated_maxlicusage.csv: 21974 rows
2026-06-25 11:35:09 [INFO]    [STDOUT] WROTE consolidated_maxlicuserasc.csv: 0 rows
2026-06-25 11:35:09 [INFO]    [STDOUT] WROTE consolidated_maxrelationship.csv: 63351 rows
2026-06-25 11:35:09 [INFO]    [STDOUT] WROTE consolidated_maxuser.csv: 11325 rows
2026-06-25 11:35:09 [INFO]    [STDOUT] WROTE consolidated_person.csv: 15422 rows
2026-06-25 11:35:09 [INFO]    [STDOUT] WROTE consolidated_persongroup.csv: 941 rows
2026-06-25 11:35:09 [INFO]    [STDOUT] WROTE consolidated_persongroupteam.csv: 26620 rows
2026-06-25 11:35:09 [INFO]    [STDOUT] WROTE consolidated_persongroupview.csv: 8645 rows
2026-06-25 11:35:09 [INFO] ✅ Concluído: 2. Consolidando Textos Brutos (consolidate_outputs.py) (Tempo: 3.77s)
2026-06-25 11:35:09 [INFO] 
----------------------------------------------------------------------
2026-06-25 11:35:09 [INFO] ⏳ Executando: 3. Montando Base de Acessos (consolidate_user_access.py)
2026-06-25 11:35:09 [INFO] ----------------------------------------------------------------------
2026-06-25 11:35:11 [INFO]    [STDOUT] WROTE C:\Users\esilva\OneDrive - FORESEA\Documentos\04 - APPS\CHECKUSER\output\consolidated\consolidated_user_access.csv (53836 rows)
2026-06-25 11:35:11 [INFO] ✅ Concluído: 3. Montando Base de Acessos (consolidate_user_access.py) (Tempo: 1.51s)
2026-06-25 11:35:11 [INFO] 
----------------------------------------------------------------------
2026-06-25 11:35:11 [INFO] ⏳ Executando: 4. Normalizando e Tipificando Contas (normalize.py)
2026-06-25 11:35:11 [INFO] ----------------------------------------------------------------------
2026-06-25 11:35:13 [INFO]    [STDOUT] WROTE C:\Users\esilva\OneDrive - FORESEA\Documentos\04 - APPS\CHECKUSER\output\consolidated\consolidated_user_access_normalized.csv (53836 rows)
2026-06-25 11:35:13 [INFO]    [STDOUT] WROTE C:\Users\esilva\OneDrive - FORESEA\Documentos\04 - APPS\CHECKUSER\output\consolidated\consolidated_user_identity.csv (13286 rows)
2026-06-25 11:35:13 [INFO] ✅ Concluído: 4. Normalizando e Tipificando Contas (normalize.py) (Tempo: 1.89s)
2026-06-25 11:35:13 [INFO] 
----------------------------------------------------------------------
2026-06-25 11:35:13 [INFO] ⏳ Executando: 6. Detectando Reuso de USERID (cross_env_userid_reuse.py)
2026-06-25 11:35:13 [INFO] ----------------------------------------------------------------------
2026-06-25 11:35:13 [INFO]    [STDOUT] WROTE C:\Users\esilva\OneDrive - FORESEA\Documentos\04 - APPS\CHECKUSER\output\consolidated\cross_env_userid_reuse.csv (1878 records)
2026-06-25 11:35:13 [INFO] ✅ Concluído: 6. Detectando Reuso de USERID (cross_env_userid_reuse.py) (Tempo: 0.67s)
2026-06-25 11:35:13 [INFO] 
----------------------------------------------------------------------
2026-06-25 11:35:13 [INFO] ⏳ Executando: 7. Detectando Conflitos de Login (login_conflicts.py)
2026-06-25 11:35:13 [INFO] ----------------------------------------------------------------------
2026-06-25 11:35:14 [INFO]    [STDOUT] WROTE C:\Users\esilva\OneDrive - FORESEA\Documentos\04 - APPS\CHECKUSER\output\consolidated\login_conflicts.csv (12 records)
2026-06-25 11:35:14 [INFO] ✅ Concluído: 7. Detectando Conflitos de Login (login_conflicts.py) (Tempo: 0.70s)
2026-06-25 11:35:14 [INFO] 
----------------------------------------------------------------------
2026-06-25 11:35:14 [INFO] ⏳ Executando: 8. Classificando Identidades e Worklist (identity_classification.py)
2026-06-25 11:35:14 [INFO] ----------------------------------------------------------------------
2026-06-25 11:35:15 [INFO]    [STDOUT] WROTE C:\Users\esilva\OneDrive - FORESEA\Documentos\04 - APPS\CHECKUSER\output\consolidated\identity_collisions_enriched.csv (5406 records)
2026-06-25 11:35:15 [INFO] ✅ Concluído: 8. Classificando Identidades e Worklist (identity_classification.py) (Tempo: 0.78s)
2026-06-25 11:35:15 [INFO] 
----------------------------------------------------------------------
2026-06-25 11:35:15 [INFO] ⏳ Executando: 9. Consolidando Licenças (consolidate_license_footprint.py)
2026-06-25 11:35:15 [INFO] ----------------------------------------------------------------------
2026-06-25 11:35:16 [INFO]    [STDOUT] WROTE consolidated_license_footprint.csv (21974 rows)
2026-06-25 11:35:16 [INFO] ✅ Concluído: 9. Consolidando Licenças (consolidate_license_footprint.py) (Tempo: 0.78s)
2026-06-25 11:35:16 [INFO] 
----------------------------------------------------------------------
2026-06-25 11:35:16 [INFO] ⏳ Executando: 10. [FASE 3] Analisando Histórico de Uso (analyze_usage.py)
2026-06-25 11:35:16 [INFO] ----------------------------------------------------------------------
2026-06-25 11:35:34 [INFO]    [STDOUT] 🔍 Fase 3: Analisando Histórico de Uso (LOGINTRACKING)
2026-06-25 11:35:34 [INFO]    [STDOUT] ✓ Carregados 2557 emails reais da base
2026-06-25 11:35:34 [INFO]    [STDOUT] ✓ Carregado 356705 registros de acesso (últimos 90 dias)
2026-06-25 11:35:34 [INFO]    [STDOUT] ✓ Processados 1875 usuários únicos com histórico
2026-06-25 11:35:34 [INFO]    [STDOUT] ✅ ESCRITO: usage_analysis_phase3.csv (2151 usuários ativos analisados)
2026-06-25 11:35:34 [INFO]    [STDOUT] 
2026-06-25 11:35:34 [INFO]    [STDOUT] 📊 RESUMO EXECUTIVO:
2026-06-25 11:35:34 [INFO]    [STDOUT]    • Usuários Ativos: 2151
2026-06-25 11:35:34 [INFO]    [STDOUT]    • 🏢 FORESEA (Permanentes): 906 (4810 AppPoints)
2026-06-25 11:35:34 [INFO]    [STDOUT]        ⛵ OFFSHORE: 69 (sempre Concurrent)
2026-06-25 11:35:34 [INFO]    [STDOUT]        🏢 ONSHORE: 837
2026-06-25 11:35:34 [INFO]    [STDOUT]    • 👷 TEMPORÁRIOS (Contratados): 465 (2255 AppPoints - não migrar)
2026-06-25 11:35:34 [INFO]    [STDOUT]    • 💤 Ociosos (0 logins 90d): 980
2026-06-25 11:35:34 [INFO]    [STDOUT]    • 🛢️  Requerem Premium O&G: 1035
2026-06-25 11:35:34 [INFO]    [STDOUT] 
2026-06-25 11:35:34 [INFO]    [STDOUT] 🎯 DISTRIBUIÇÃO DE LICENÇAS (FORESEA):
2026-06-25 11:35:34 [INFO]    [STDOUT]    • 🔑 AUTHORIZED: 339 (37.4%)
2026-06-25 11:35:34 [INFO]    [STDOUT]    • 🔄 CONCURRENT: 184 (20.3%)
2026-06-25 11:35:34 [INFO]    [STDOUT]    • Custo Total AppPoints FORESEA: 4,810
2026-06-25 11:35:34 [INFO]    [STDOUT]    • Capacidade Contratada: 1,200
2026-06-25 11:35:34 [INFO]    [STDOUT]    • ⚠️  ACIMA DO CONTRATADO
2026-06-25 11:35:34 [INFO] ✅ Concluído: 10. [FASE 3] Analisando Histórico de Uso (analyze_usage.py) (Tempo: 18.36s)
2026-06-25 11:35:34 [INFO] 
----------------------------------------------------------------------
2026-06-25 11:35:34 [INFO] ⏳ Executando: 11. [FASE 3] Detector de Otimização (license_optimizer.py)
2026-06-25 11:35:34 [INFO] ----------------------------------------------------------------------
2026-06-25 11:35:35 [INFO]    [STDOUT] 🏆 Fase 3: DETECTOR DE OTIMIZAÇÃO DE LICENÇAS (SOLID ENGINE)
2026-06-25 11:35:35 [INFO]    [STDOUT] Capacidade contratada: 1,200 AppPoints
2026-06-25 11:35:35 [INFO]    [STDOUT] 
2026-06-25 11:35:35 [INFO]    [STDOUT] ✓ Carregados 2151 usuários para análise.
2026-06-25 11:35:35 [INFO]    [STDOUT] ✅ RELATÓRIO GERADO: license_optimization_recommendations.csv (2151 recomendações)
2026-06-25 11:35:35 [INFO]    [STDOUT] 📊 Economia Potencial Identificada: 11464 AppPoints!
2026-06-25 11:35:35 [INFO] ✅ Concluído: 11. [FASE 3] Detector de Otimização (license_optimizer.py) (Tempo: 0.78s)
2026-06-25 11:35:35 [INFO] 
----------------------------------------------------------------------
2026-06-25 11:35:35 [INFO] ⏳ Executando: 12. [FASE 4] Cálculo Real de AppPoints (true_capacity_calculator.py)
2026-06-25 11:35:35 [INFO] ----------------------------------------------------------------------
2026-06-25 11:35:35 [INFO]    [STDOUT] 📊 Fase 4: CÁLCULO DE CAPACIDADE REAL (Golden Record & High-Water Mark)
2026-06-25 11:35:35 [INFO]    [STDOUT] ✓ Deduplicação: De 2151 acessos para 824 pessoas reais.
2026-06-25 11:35:35 [INFO]    [STDOUT] 
2026-06-25 11:35:35 [INFO]    [STDOUT] =======================================================
2026-06-25 11:35:35 [INFO]    [STDOUT] 💰 RESUMO FINANCEIRO E DE LICENCIAMENTO (REALIDADE)
2026-06-25 11:35:35 [INFO]    [STDOUT] =======================================================
2026-06-25 11:35:35 [INFO]    [STDOUT] 🔹 Custo Fixo (Authorized Dedicado):     2105 AppPoints
2026-06-25 11:35:35 [INFO]    [STDOUT] 🔹 Custo Variável (Pico de Concurrent):  1764 AppPoints (calculado via fator 35.0%)
2026-06-25 11:35:35 [INFO]    [STDOUT] -------------------------------------------------------
2026-06-25 11:35:35 [INFO]    [STDOUT] 📈 TOTAL ESTIMADO DE APP POINTS:         3869 AppPoints
2026-06-25 11:35:35 [INFO]    [STDOUT] 📦 CAPACIDADE CONTRATADA MAS:            1200 AppPoints
2026-06-25 11:35:35 [INFO]    [STDOUT] =======================================================
2026-06-25 11:35:35 [INFO]    [STDOUT] 
2026-06-25 11:35:35 [INFO]    [STDOUT] 🚨 ALERTA: Estamos em DEFICIT de 2669 AppPoints.
2026-06-25 11:35:35 [INFO]    [STDOUT] ✅ Arquivo gerado: true_capacity_metrics.json (Pronto para o Dashboard HTML)
2026-06-25 11:35:35 [INFO] ✅ Concluído: 12. [FASE 4] Cálculo Real de AppPoints (true_capacity_calculator.py) (Tempo: 0.73s)
2026-06-25 11:35:35 [INFO] 
----------------------------------------------------------------------
2026-06-25 11:35:35 [INFO] ⏳ Executando: 13. Gerando Relatório Final (Dashboard HTML e Workbook Excel)
2026-06-25 11:35:35 [INFO] ----------------------------------------------------------------------
2026-06-25 11:35:52 [INFO]    [STDOUT] WROTE license_decision_plan.csv
2026-06-25 11:35:52 [INFO]    [STDOUT] WROTE maximo_unified_dashboard.html
2026-06-25 11:35:52 [INFO]    [STDOUT] WROTE maximo_risk_and_optimization_workbook.xlsx
2026-06-25 11:35:52 [INFO] ✅ Concluído: 13. Gerando Relatório Final (Dashboard HTML e Workbook Excel) (Tempo: 16.89s)
2026-06-25 11:35:52 [INFO] 
======================================================================
2026-06-25 11:35:52 [INFO] 📊 RESUMO DE EXECUÇÃO DO PIPELINE (MÉTRICAS)
2026-06-25 11:35:52 [INFO] ======================================================================
2026-06-25 11:35:52 [INFO] ⏩ [000.00s] - 1. Extraindo Dados do DB2 (run_db2cli_queries.py)
2026-06-25 11:35:52 [INFO] ✅ [003.77s] - 2. Consolidando Textos Brutos (consolidate_outputs.py)
2026-06-25 11:35:52 [INFO] ✅ [001.51s] - 3. Montando Base de Acessos (consolidate_user_access.py)
2026-06-25 11:35:52 [INFO] ✅ [001.89s] - 4. Normalizando e Tipificando Contas (normalize.py)
2026-06-25 11:35:52 [INFO] ✅ [000.67s] - 6. Detectando Reuso de USERID (cross_env_userid_reuse.py)
2026-06-25 11:35:52 [INFO] ✅ [000.70s] - 7. Detectando Conflitos de Login (login_conflicts.py)
2026-06-25 11:35:52 [INFO] ✅ [000.78s] - 8. Classificando Identidades e Worklist (identity_classification.py)
2026-06-25 11:35:52 [INFO] ✅ [000.78s] - 9. Consolidando Licenças (consolidate_license_footprint.py)
2026-06-25 11:35:52 [INFO] ✅ [018.36s] - 10. [FASE 3] Analisando Histórico de Uso (analyze_usage.py)
2026-06-25 11:35:52 [INFO] ✅ [000.78s] - 11. [FASE 3] Detector de Otimização (license_optimizer.py)
2026-06-25 11:35:52 [INFO] ✅ [000.73s] - 12. [FASE 4] Cálculo Real de AppPoints (true_capacity_calculator.py)
2026-06-25 11:35:52 [INFO] ✅ [016.89s] - 13. Gerando Relatório Final (Dashboard HTML e Workbook Excel)
2026-06-25 11:35:52 [INFO] ======================================================================
2026-06-25 11:35:52 [INFO] 🏆 PIPELINE CONCLUÍDO COM SUCESSO! (Tempo total: 46.87s)
2026-06-25 11:35:52 [INFO] ======================================================================
2026-06-25 11:35:52 [INFO] 📄 Relatórios gerados em: output/reports/
2026-06-25 11:35:52 [INFO]    - maximo_unified_dashboard.html
2026-06-25 11:35:52 [INFO]    - maximo_risk_and_optimization_workbook.xlsx
2026-06-25 11:35:52 [INFO]    - true_capacity_metrics.json
2026-06-25 11:35:52 [INFO] 📝 Log salvo em: C:\Users\esilva\OneDrive - FORESEA\Documentos\04 - APPS\CHECKUSER\output\logs\pipeline_exec_20260625_113505.log
